Analysis & Synthesis report for BIP
Thu Jul 28 12:05:49 2022
Quartus Prime Version 21.1.0 Build 842 10/21/2021 SJ Lite Edition


---------------------
; Table of Contents ;
---------------------
  1. Legal Notice
  2. Analysis & Synthesis Summary
  3. Analysis & Synthesis Settings
  4. Parallel Compilation
  5. Analysis & Synthesis Messages



----------------
; Legal Notice ;
----------------
Copyright (C) 2021  Intel Corporation. All rights reserved.
Your use of Intel Corporation's design tools, logic functions 
and other software and tools, and any partner logic 
functions, and any output files from any of the foregoing 
(including device programming or simulation files), and any 
associated documentation or information are expressly subject 
to the terms and conditions of the Intel Program License 
Subscription Agreement, the Intel Quartus Prime License Agreement,
the Intel FPGA IP License Agreement, or other applicable license
agreement, including, without limitation, that your use is for
the sole purpose of programming logic devices manufactured by
Intel and sold by Intel or its authorized distributors.  Please
refer to the applicable agreement for further details, at
https://fpgasoftware.intel.com/eula.



+----------------------------------------------------------------------------------+
; Analysis & Synthesis Summary                                                     ;
+------------------------------------+---------------------------------------------+
; Analysis & Synthesis Status        ; Failed - Thu Jul 28 12:05:49 2022           ;
; Quartus Prime Version              ; 21.1.0 Build 842 10/21/2021 SJ Lite Edition ;
; Revision Name                      ; BIP                                         ;
; Top-level Entity Name              ; BIP                                         ;
; Family                             ; MAX 10                                      ;
; Total logic elements               ; N/A until Partition Merge                   ;
;     Total combinational functions  ; N/A until Partition Merge                   ;
;     Dedicated logic registers      ; N/A until Partition Merge                   ;
; Total registers                    ; N/A until Partition Merge                   ;
; Total pins                         ; N/A until Partition Merge                   ;
; Total virtual pins                 ; N/A until Partition Merge                   ;
; Total memory bits                  ; N/A until Partition Merge                   ;
; Embedded Multiplier 9-bit elements ; N/A until Partition Merge                   ;
; Total PLLs                         ; N/A until Partition Merge                   ;
; UFM blocks                         ; N/A until Partition Merge                   ;
; ADC blocks                         ; N/A until Partition Merge                   ;
+------------------------------------+---------------------------------------------+


+------------------------------------------------------------------------------------------------------------+
; Analysis & Synthesis Settings                                                                              ;
+------------------------------------------------------------------+--------------------+--------------------+
; Option                                                           ; Setting            ; Default Value      ;
+------------------------------------------------------------------+--------------------+--------------------+
; Device                                                           ; 10M50DAF484C6GES   ;                    ;
; Top-level entity name                                            ; BIP                ; BIP                ;
; Family name                                                      ; MAX 10             ; Cyclone V          ;
; Use smart compilation                                            ; Off                ; Off                ;
; Enable parallel Assembler and Timing Analyzer during compilation ; On                 ; On                 ;
; Enable compact report table                                      ; Off                ; Off                ;
; Restructure Multiplexers                                         ; Auto               ; Auto               ;
; Create Debugging Nodes for IP Cores                              ; Off                ; Off                ;
; Preserve fewer node names                                        ; On                 ; On                 ;
; Intel FPGA IP Evaluation Mode                                    ; Enable             ; Enable             ;
; Verilog Version                                                  ; Verilog_2001       ; Verilog_2001       ;
; VHDL Version                                                     ; VHDL_1993          ; VHDL_1993          ;
; State Machine Processing                                         ; Auto               ; Auto               ;
; Safe State Machine                                               ; Off                ; Off                ;
; Extract Verilog State Machines                                   ; On                 ; On                 ;
; Extract VHDL State Machines                                      ; On                 ; On                 ;
; Ignore Verilog initial constructs                                ; Off                ; Off                ;
; Iteration limit for constant Verilog loops                       ; 5000               ; 5000               ;
; Iteration limit for non-constant Verilog loops                   ; 250                ; 250                ;
; Add Pass-Through Logic to Inferred RAMs                          ; On                 ; On                 ;
; Infer RAMs from Raw Logic                                        ; On                 ; On                 ;
; Parallel Synthesis                                               ; On                 ; On                 ;
; DSP Block Balancing                                              ; Auto               ; Auto               ;
; NOT Gate Push-Back                                               ; On                 ; On                 ;
; Power-Up Don't Care                                              ; On                 ; On                 ;
; Remove Redundant Logic Cells                                     ; Off                ; Off                ;
; Remove Duplicate Registers                                       ; On                 ; On                 ;
; Ignore CARRY Buffers                                             ; Off                ; Off                ;
; Ignore CASCADE Buffers                                           ; Off                ; Off                ;
; Ignore GLOBAL Buffers                                            ; Off                ; Off                ;
; Ignore ROW GLOBAL Buffers                                        ; Off                ; Off                ;
; Ignore LCELL Buffers                                             ; Off                ; Off                ;
; Ignore SOFT Buffers                                              ; On                 ; On                 ;
; Limit AHDL Integers to 32 Bits                                   ; Off                ; Off                ;
; Optimization Technique                                           ; Balanced           ; Balanced           ;
; Carry Chain Length                                               ; 70                 ; 70                 ;
; Auto Carry Chains                                                ; On                 ; On                 ;
; Auto Open-Drain Pins                                             ; On                 ; On                 ;
; Perform WYSIWYG Primitive Resynthesis                            ; Off                ; Off                ;
; Auto ROM Replacement                                             ; On                 ; On                 ;
; Auto RAM Replacement                                             ; On                 ; On                 ;
; Auto DSP Block Replacement                                       ; On                 ; On                 ;
; Auto Shift Register Replacement                                  ; Auto               ; Auto               ;
; Allow Shift Register Merging across Hierarchies                  ; Auto               ; Auto               ;
; Auto Clock Enable Replacement                                    ; On                 ; On                 ;
; Strict RAM Replacement                                           ; Off                ; Off                ;
; Allow Synchronous Control Signals                                ; On                 ; On                 ;
; Force Use of Synchronous Clear Signals                           ; Off                ; Off                ;
; Auto RAM Block Balancing                                         ; On                 ; On                 ;
; Auto RAM to Logic Cell Conversion                                ; Off                ; Off                ;
; Auto Resource Sharing                                            ; Off                ; Off                ;
; Allow Any RAM Size For Recognition                               ; Off                ; Off                ;
; Allow Any ROM Size For Recognition                               ; Off                ; Off                ;
; Allow Any Shift Register Size For Recognition                    ; Off                ; Off                ;
; Use LogicLock Constraints during Resource Balancing              ; On                 ; On                 ;
; Ignore translate_off and synthesis_off directives                ; Off                ; Off                ;
; Timing-Driven Synthesis                                          ; On                 ; On                 ;
; Report Parameter Settings                                        ; On                 ; On                 ;
; Report Source Assignments                                        ; On                 ; On                 ;
; Report Connectivity Checks                                       ; On                 ; On                 ;
; Ignore Maximum Fan-Out Assignments                               ; Off                ; Off                ;
; Synchronization Register Chain Length                            ; 2                  ; 2                  ;
; Power Optimization During Synthesis                              ; Normal compilation ; Normal compilation ;
; HDL message level                                                ; Level2             ; Level2             ;
; Suppress Register Optimization Related Messages                  ; Off                ; Off                ;
; Number of Removed Registers Reported in Synthesis Report         ; 5000               ; 5000               ;
; Number of Swept Nodes Reported in Synthesis Report               ; 5000               ; 5000               ;
; Number of Inverted Registers Reported in Synthesis Report        ; 100                ; 100                ;
; Clock MUX Protection                                             ; On                 ; On                 ;
; Auto Gated Clock Conversion                                      ; Off                ; Off                ;
; Block Design Naming                                              ; Auto               ; Auto               ;
; SDC constraint protection                                        ; Off                ; Off                ;
; Synthesis Effort                                                 ; Auto               ; Auto               ;
; Shift Register Replacement - Allow Asynchronous Clear Signal     ; On                 ; On                 ;
; Pre-Mapping Resynthesis Optimization                             ; Off                ; Off                ;
; Analysis & Synthesis Message Level                               ; Medium             ; Medium             ;
; Disable Register Merging Across Hierarchies                      ; Auto               ; Auto               ;
; Resource Aware Inference For Block RAM                           ; On                 ; On                 ;
+------------------------------------------------------------------+--------------------+--------------------+


+------------------------------------------+
; Parallel Compilation                     ;
+----------------------------+-------------+
; Processors                 ; Number      ;
+----------------------------+-------------+
; Number detected on machine ; 8           ;
; Maximum allowed            ; 4           ;
;                            ;             ;
; Average used               ; 1.00        ;
; Maximum used               ; 1           ;
;                            ;             ;
; Usage by Processor         ; % Time Used ;
;     Processor 1            ; 100.0%      ;
+----------------------------+-------------+


+-------------------------------+
; Analysis & Synthesis Messages ;
+-------------------------------+
Info: *******************************************************************
Info: Running Quartus Prime Analysis & Synthesis
    Info: Version 21.1.0 Build 842 10/21/2021 SJ Lite Edition
    Info: Processing started: Thu Jul 28 12:05:22 2022
Info: Command: quartus_map --read_settings_files=on --write_settings_files=off BIP -c BIP
Warning (18236): Number of processors has not been specified which may cause overloading on shared machines.  Set the global assignment NUM_PARALLEL_PROCESSORS in your QSF to an appropriate value for best performance.
Info (20030): Parallel compilation is enabled and will use 4 of the 4 processors detected
Info (12021): Found 2 design units, including 1 entities, in source file pll/pll_intel.vhd
    Info (12022): Found design unit 1: pll_intel-SYN File: E:/Projetos/UFSC/Aulas/Linguagem_E_Descricao_De_Hardware/BIP/PLL/PLL_INTEL.vhd Line: 54
    Info (12023): Found entity 1: PLL_INTEL File: E:/Projetos/UFSC/Aulas/Linguagem_E_Descricao_De_Hardware/BIP/PLL/PLL_INTEL.vhd Line: 43
Info (12021): Found 2 design units, including 1 entities, in source file pll/pll.vhd
    Info (12022): Found design unit 1: PLL-behavior File: E:/Projetos/UFSC/Aulas/Linguagem_E_Descricao_De_Hardware/BIP/PLL/PLL.vhd Line: 14
    Info (12023): Found entity 1: PLL File: E:/Projetos/UFSC/Aulas/Linguagem_E_Descricao_De_Hardware/BIP/PLL/PLL.vhd Line: 6
Info (12021): Found 2 design units, including 1 entities, in source file rom/rom_intel_sreg.vhd
    Info (12022): Found design unit 1: rom_intel_sreg-SYN File: E:/Projetos/UFSC/Aulas/Linguagem_E_Descricao_De_Hardware/BIP/ROM/ROM_INTEL_SREG.vhd Line: 54
    Info (12023): Found entity 1: ROM_INTEL_SREG File: E:/Projetos/UFSC/Aulas/Linguagem_E_Descricao_De_Hardware/BIP/ROM/ROM_INTEL_SREG.vhd Line: 43
Info (12021): Found 2 design units, including 1 entities, in source file rom/rom.vhd
    Info (12022): Found design unit 1: ROM-Behavioral File: E:/Projetos/UFSC/Aulas/Linguagem_E_Descricao_De_Hardware/BIP/ROM/ROM.vhd Line: 26
    Info (12023): Found entity 1: ROM File: E:/Projetos/UFSC/Aulas/Linguagem_E_Descricao_De_Hardware/BIP/ROM/ROM.vhd Line: 6
Info (12021): Found 2 design units, including 1 entities, in source file ram/ram.vhd
    Info (12022): Found design unit 1: RAM-Behavioral File: E:/Projetos/UFSC/Aulas/Linguagem_E_Descricao_De_Hardware/BIP/RAM/RAM.vhd Line: 39
    Info (12023): Found entity 1: RAM File: E:/Projetos/UFSC/Aulas/Linguagem_E_Descricao_De_Hardware/BIP/RAM/RAM.vhd Line: 6
Info (12021): Found 2 design units, including 1 entities, in source file ram/memoria_intel.vhd
    Info (12022): Found design unit 1: memoria_intel-SYN File: E:/Projetos/UFSC/Aulas/Linguagem_E_Descricao_De_Hardware/BIP/RAM/MEMORIA_INTEL.vhd Line: 57
    Info (12023): Found entity 1: MEMORIA_INTEL File: E:/Projetos/UFSC/Aulas/Linguagem_E_Descricao_De_Hardware/BIP/RAM/MEMORIA_INTEL.vhd Line: 43
Info (12021): Found 2 design units, including 1 entities, in source file bip_core/caminho_dados/caminho_dados.vhd
    Info (12022): Found design unit 1: CAMINHO_DADOS-behavior File: E:/Projetos/UFSC/Aulas/Linguagem_E_Descricao_De_Hardware/BIP/BIP_CORE/Caminho_Dados/CAMINHO_DADOS.vhd Line: 27
    Info (12023): Found entity 1: CAMINHO_DADOS File: E:/Projetos/UFSC/Aulas/Linguagem_E_Descricao_De_Hardware/BIP/BIP_CORE/Caminho_Dados/CAMINHO_DADOS.vhd Line: 6
Info (12021): Found 2 design units, including 1 entities, in source file bip_core/caminho_dados/registrador_instrucao/instruction_register.vhd
    Info (12022): Found design unit 1: INSTRUCTION_REGISTER-behavior File: E:/Projetos/UFSC/Aulas/Linguagem_E_Descricao_De_Hardware/BIP/BIP_CORE/Caminho_Dados/registrador_instrucao/INSTRUCTION_REGISTER.vhd Line: 18
    Info (12023): Found entity 1: INSTRUCTION_REGISTER File: E:/Projetos/UFSC/Aulas/Linguagem_E_Descricao_De_Hardware/BIP/BIP_CORE/Caminho_Dados/registrador_instrucao/INSTRUCTION_REGISTER.vhd Line: 6
Info (12021): Found 2 design units, including 1 entities, in source file bip_core/caminho_dados/alu/alu.vhd
    Info (12022): Found design unit 1: ALU-behavior File: E:/Projetos/UFSC/Aulas/Linguagem_E_Descricao_De_Hardware/BIP/BIP_CORE/Caminho_Dados/ALU/ALU.vhd Line: 19
    Info (12023): Found entity 1: ALU File: E:/Projetos/UFSC/Aulas/Linguagem_E_Descricao_De_Hardware/BIP/BIP_CORE/Caminho_Dados/ALU/ALU.vhd Line: 6
Info (12021): Found 2 design units, including 1 entities, in source file bip_core/caminho_dados/acumulador/acc.vhd
    Info (12022): Found design unit 1: ACC-behavior File: E:/Projetos/UFSC/Aulas/Linguagem_E_Descricao_De_Hardware/BIP/BIP_CORE/Caminho_Dados/acumulador/ACC.vhd Line: 19
    Info (12023): Found entity 1: ACC File: E:/Projetos/UFSC/Aulas/Linguagem_E_Descricao_De_Hardware/BIP/BIP_CORE/Caminho_Dados/acumulador/ACC.vhd Line: 6
Info (12021): Found 2 design units, including 1 entities, in source file bip_core/caminho_controle/caminho_controle.vhd
    Info (12022): Found design unit 1: CAMINHO_CONTROLE-behavior File: E:/Projetos/UFSC/Aulas/Linguagem_E_Descricao_De_Hardware/BIP/BIP_CORE/Caminho_Controle/CAMINHO_CONTROLE.vhd Line: 25
    Info (12023): Found entity 1: CAMINHO_CONTROLE File: E:/Projetos/UFSC/Aulas/Linguagem_E_Descricao_De_Hardware/BIP/BIP_CORE/Caminho_Controle/CAMINHO_CONTROLE.vhd Line: 6
Info (12021): Found 2 design units, including 1 entities, in source file bip_core/caminho_controle/logica_controle/logica_controle.vhd
    Info (12022): Found design unit 1: LOGICA_CONTROLE-behavior File: E:/Projetos/UFSC/Aulas/Linguagem_E_Descricao_De_Hardware/BIP/BIP_CORE/Caminho_Controle/Logica_Controle/LOGICA_CONTROLE.vhd Line: 19
    Info (12023): Found entity 1: LOGICA_CONTROLE File: E:/Projetos/UFSC/Aulas/Linguagem_E_Descricao_De_Hardware/BIP/BIP_CORE/Caminho_Controle/Logica_Controle/LOGICA_CONTROLE.vhd Line: 6
Info (12021): Found 2 design units, including 1 entities, in source file bip_core/caminho_controle/address_counter/address_counter.vhd
    Info (12022): Found design unit 1: ADDRESS_COUNTER-behavior File: E:/Projetos/UFSC/Aulas/Linguagem_E_Descricao_De_Hardware/BIP/BIP_CORE/Caminho_Controle/Address_Counter/ADDRESS_COUNTER.vhd Line: 19
    Info (12023): Found entity 1: ADDRESS_COUNTER File: E:/Projetos/UFSC/Aulas/Linguagem_E_Descricao_De_Hardware/BIP/BIP_CORE/Caminho_Controle/Address_Counter/ADDRESS_COUNTER.vhd Line: 6
Info (12021): Found 2 design units, including 1 entities, in source file bip_core/bip_core.vhd
    Info (12022): Found design unit 1: BIP_CORE-behavior File: E:/Projetos/UFSC/Aulas/Linguagem_E_Descricao_De_Hardware/BIP/BIP_CORE/BIP_CORE.vhd Line: 26
    Info (12023): Found entity 1: BIP_CORE File: E:/Projetos/UFSC/Aulas/Linguagem_E_Descricao_De_Hardware/BIP/BIP_CORE/BIP_CORE.vhd Line: 6
Info (12021): Found 2 design units, including 1 entities, in source file bip.vhd
    Info (12022): Found design unit 1: BIP-behavior File: E:/Projetos/UFSC/Aulas/Linguagem_E_Descricao_De_Hardware/BIP/BIP.vhd Line: 22
    Info (12023): Found entity 1: BIP File: E:/Projetos/UFSC/Aulas/Linguagem_E_Descricao_De_Hardware/BIP/BIP.vhd Line: 6
Info (12021): Found 2 design units, including 1 entities, in source file tb_bip.vhd
    Info (12022): Found design unit 1: TB_BIP-behavioral File: E:/Projetos/UFSC/Aulas/Linguagem_E_Descricao_De_Hardware/BIP/TB_BIP.vhd Line: 13
    Info (12023): Found entity 1: TB_BIP File: E:/Projetos/UFSC/Aulas/Linguagem_E_Descricao_De_Hardware/BIP/TB_BIP.vhd Line: 6
Info (12127): Elaborating entity "BIP" for the top level hierarchy
Warning (10036): Verilog HDL or VHDL warning at BIP.vhd(33): object "w_switches" assigned a value but never read File: E:/Projetos/UFSC/Aulas/Linguagem_E_Descricao_De_Hardware/BIP/BIP.vhd Line: 33
Warning (10036): Verilog HDL or VHDL warning at BIP.vhd(36): object "w_out_acc" assigned a value but never read File: E:/Projetos/UFSC/Aulas/Linguagem_E_Descricao_De_Hardware/BIP/BIP.vhd Line: 36
Info (12128): Elaborating entity "RAM" for hierarchy "RAM:U_RAM" File: E:/Projetos/UFSC/Aulas/Linguagem_E_Descricao_De_Hardware/BIP/BIP.vhd Line: 113
Error (10818): Can't infer register for "o_data[0]" at RAM.vhd(116) because it does not hold its value outside the clock edge File: E:/Projetos/UFSC/Aulas/Linguagem_E_Descricao_De_Hardware/BIP/RAM/RAM.vhd Line: 116
Error (10818): Can't infer register for "o_data[1]" at RAM.vhd(116) because it does not hold its value outside the clock edge File: E:/Projetos/UFSC/Aulas/Linguagem_E_Descricao_De_Hardware/BIP/RAM/RAM.vhd Line: 116
Error (10818): Can't infer register for "o_data[2]" at RAM.vhd(116) because it does not hold its value outside the clock edge File: E:/Projetos/UFSC/Aulas/Linguagem_E_Descricao_De_Hardware/BIP/RAM/RAM.vhd Line: 116
Error (10818): Can't infer register for "o_data[3]" at RAM.vhd(116) because it does not hold its value outside the clock edge File: E:/Projetos/UFSC/Aulas/Linguagem_E_Descricao_De_Hardware/BIP/RAM/RAM.vhd Line: 116
Error (10818): Can't infer register for "o_data[4]" at RAM.vhd(116) because it does not hold its value outside the clock edge File: E:/Projetos/UFSC/Aulas/Linguagem_E_Descricao_De_Hardware/BIP/RAM/RAM.vhd Line: 116
Error (10818): Can't infer register for "o_data[5]" at RAM.vhd(116) because it does not hold its value outside the clock edge File: E:/Projetos/UFSC/Aulas/Linguagem_E_Descricao_De_Hardware/BIP/RAM/RAM.vhd Line: 116
Error (10818): Can't infer register for "o_data[6]" at RAM.vhd(116) because it does not hold its value outside the clock edge File: E:/Projetos/UFSC/Aulas/Linguagem_E_Descricao_De_Hardware/BIP/RAM/RAM.vhd Line: 116
Error (10818): Can't infer register for "o_data[7]" at RAM.vhd(116) because it does not hold its value outside the clock edge File: E:/Projetos/UFSC/Aulas/Linguagem_E_Descricao_De_Hardware/BIP/RAM/RAM.vhd Line: 116
Error (10818): Can't infer register for "o_data[8]" at RAM.vhd(116) because it does not hold its value outside the clock edge File: E:/Projetos/UFSC/Aulas/Linguagem_E_Descricao_De_Hardware/BIP/RAM/RAM.vhd Line: 116
Error (10818): Can't infer register for "o_data[9]" at RAM.vhd(116) because it does not hold its value outside the clock edge File: E:/Projetos/UFSC/Aulas/Linguagem_E_Descricao_De_Hardware/BIP/RAM/RAM.vhd Line: 116
Error (10818): Can't infer register for "o_data[10]" at RAM.vhd(116) because it does not hold its value outside the clock edge File: E:/Projetos/UFSC/Aulas/Linguagem_E_Descricao_De_Hardware/BIP/RAM/RAM.vhd Line: 116
Error (10818): Can't infer register for "o_data[11]" at RAM.vhd(116) because it does not hold its value outside the clock edge File: E:/Projetos/UFSC/Aulas/Linguagem_E_Descricao_De_Hardware/BIP/RAM/RAM.vhd Line: 116
Error (10818): Can't infer register for "o_data[12]" at RAM.vhd(116) because it does not hold its value outside the clock edge File: E:/Projetos/UFSC/Aulas/Linguagem_E_Descricao_De_Hardware/BIP/RAM/RAM.vhd Line: 116
Error (10818): Can't infer register for "o_data[13]" at RAM.vhd(116) because it does not hold its value outside the clock edge File: E:/Projetos/UFSC/Aulas/Linguagem_E_Descricao_De_Hardware/BIP/RAM/RAM.vhd Line: 116
Error (10818): Can't infer register for "o_data[14]" at RAM.vhd(116) because it does not hold its value outside the clock edge File: E:/Projetos/UFSC/Aulas/Linguagem_E_Descricao_De_Hardware/BIP/RAM/RAM.vhd Line: 116
Error (10818): Can't infer register for "o_data[15]" at RAM.vhd(116) because it does not hold its value outside the clock edge File: E:/Projetos/UFSC/Aulas/Linguagem_E_Descricao_De_Hardware/BIP/RAM/RAM.vhd Line: 116
Error (10818): Can't infer register for "w_memoria_ram[0][0]" at RAM.vhd(114) because it does not hold its value outside the clock edge File: E:/Projetos/UFSC/Aulas/Linguagem_E_Descricao_De_Hardware/BIP/RAM/RAM.vhd Line: 114
Info (10041): Inferred latch for "w_memoria_ram[0][0]" at RAM.vhd(114) File: E:/Projetos/UFSC/Aulas/Linguagem_E_Descricao_De_Hardware/BIP/RAM/RAM.vhd Line: 114
Error (10818): Can't infer register for "w_memoria_ram[0][1]" at RAM.vhd(114) because it does not hold its value outside the clock edge File: E:/Projetos/UFSC/Aulas/Linguagem_E_Descricao_De_Hardware/BIP/RAM/RAM.vhd Line: 114
Info (10041): Inferred latch for "w_memoria_ram[0][1]" at RAM.vhd(114) File: E:/Projetos/UFSC/Aulas/Linguagem_E_Descricao_De_Hardware/BIP/RAM/RAM.vhd Line: 114
Error (10818): Can't infer register for "w_memoria_ram[0][2]" at RAM.vhd(114) because it does not hold its value outside the clock edge File: E:/Projetos/UFSC/Aulas/Linguagem_E_Descricao_De_Hardware/BIP/RAM/RAM.vhd Line: 114
Info (10041): Inferred latch for "w_memoria_ram[0][2]" at RAM.vhd(114) File: E:/Projetos/UFSC/Aulas/Linguagem_E_Descricao_De_Hardware/BIP/RAM/RAM.vhd Line: 114
Error (12152): Can't elaborate user hierarchy "RAM:U_RAM" File: E:/Projetos/UFSC/Aulas/Linguagem_E_Descricao_De_Hardware/BIP/BIP.vhd Line: 113
Error: Quartus Prime Analysis & Synthesis was unsuccessful. 20 errors, 3 warnings
    Error: Peak virtual memory: 4852 megabytes
    Error: Processing ended: Thu Jul 28 12:05:50 2022
    Error: Elapsed time: 00:00:28
    Error: Total CPU time (on all processors): 00:01:01


