Analysis & Synthesis report for ROM
Tue Jul 26 16:56:40 2022
Quartus Prime Version 21.1.0 Build 842 10/21/2021 SJ Lite Edition


---------------------
; Table of Contents ;
---------------------
  1. Legal Notice
  2. Analysis & Synthesis Summary
  3. Analysis & Synthesis Settings
  4. Parallel Compilation
  5. Analysis & Synthesis Source Files Read
  6. Analysis & Synthesis Resource Usage Summary
  7. Analysis & Synthesis Resource Utilization by Entity
  8. Analysis & Synthesis RAM Summary
  9. General Register Statistics
 10. Registers Packed Into Inferred Megafunctions
 11. Source assignments for altsyncram:w_memoria_rom_rtl_0|altsyncram_n361:auto_generated
 12. Parameter Settings for User Entity Instance: Top-level Entity: |ROM
 13. Parameter Settings for Inferred Entity Instance: altsyncram:w_memoria_rom_rtl_0
 14. altsyncram Parameter Settings by Entity Instance
 15. Post-Synthesis Netlist Statistics for Top Partition
 16. Elapsed Time Per Partition
 17. Analysis & Synthesis Messages



----------------
; Legal Notice ;
----------------
Copyright (C) 2021  Intel Corporation. All rights reserved.
Your use of Intel Corporation's design tools, logic functions 
and other software and tools, and any partner logic 
functions, and any output files from any of the foregoing 
(including device programming or simulation files), and any 
associated documentation or information are expressly subject 
to the terms and conditions of the Intel Program License 
Subscription Agreement, the Intel Quartus Prime License Agreement,
the Intel FPGA IP License Agreement, or other applicable license
agreement, including, without limitation, that your use is for
the sole purpose of programming logic devices manufactured by
Intel and sold by Intel or its authorized distributors.  Please
refer to the applicable agreement for further details, at
https://fpgasoftware.intel.com/eula.



+----------------------------------------------------------------------------------+
; Analysis & Synthesis Summary                                                     ;
+------------------------------------+---------------------------------------------+
; Analysis & Synthesis Status        ; Successful - Tue Jul 26 16:56:40 2022       ;
; Quartus Prime Version              ; 21.1.0 Build 842 10/21/2021 SJ Lite Edition ;
; Revision Name                      ; ROM                                         ;
; Top-level Entity Name              ; ROM                                         ;
; Family                             ; MAX 10                                      ;
; Total logic elements               ; 0                                           ;
;     Total combinational functions  ; 0                                           ;
;     Dedicated logic registers      ; 0                                           ;
; Total registers                    ; 0                                           ;
; Total pins                         ; 30                                          ;
; Total virtual pins                 ; 0                                           ;
; Total memory bits                  ; 2,304                                       ;
; Embedded Multiplier 9-bit elements ; 0                                           ;
; Total PLLs                         ; 0                                           ;
; UFM blocks                         ; 0                                           ;
; ADC blocks                         ; 0                                           ;
+------------------------------------+---------------------------------------------+


+------------------------------------------------------------------------------------------------------------+
; Analysis & Synthesis Settings                                                                              ;
+------------------------------------------------------------------+--------------------+--------------------+
; Option                                                           ; Setting            ; Default Value      ;
+------------------------------------------------------------------+--------------------+--------------------+
; Device                                                           ; 10M50DAF484C7G     ;                    ;
; Top-level entity name                                            ; ROM                ; ROM                ;
; Family name                                                      ; MAX 10             ; Cyclone V          ;
; Use smart compilation                                            ; Off                ; Off                ;
; Enable parallel Assembler and Timing Analyzer during compilation ; On                 ; On                 ;
; Enable compact report table                                      ; Off                ; Off                ;
; Restructure Multiplexers                                         ; Auto               ; Auto               ;
; Create Debugging Nodes for IP Cores                              ; Off                ; Off                ;
; Preserve fewer node names                                        ; On                 ; On                 ;
; Intel FPGA IP Evaluation Mode                                    ; Enable             ; Enable             ;
; Verilog Version                                                  ; Verilog_2001       ; Verilog_2001       ;
; VHDL Version                                                     ; VHDL_1993          ; VHDL_1993          ;
; State Machine Processing                                         ; Auto               ; Auto               ;
; Safe State Machine                                               ; Off                ; Off                ;
; Extract Verilog State Machines                                   ; On                 ; On                 ;
; Extract VHDL State Machines                                      ; On                 ; On                 ;
; Ignore Verilog initial constructs                                ; Off                ; Off                ;
; Iteration limit for constant Verilog loops                       ; 5000               ; 5000               ;
; Iteration limit for non-constant Verilog loops                   ; 250                ; 250                ;
; Add Pass-Through Logic to Inferred RAMs                          ; On                 ; On                 ;
; Infer RAMs from Raw Logic                                        ; On                 ; On                 ;
; Parallel Synthesis                                               ; On                 ; On                 ;
; DSP Block Balancing                                              ; Auto               ; Auto               ;
; NOT Gate Push-Back                                               ; On                 ; On                 ;
; Power-Up Don't Care                                              ; On                 ; On                 ;
; Remove Redundant Logic Cells                                     ; Off                ; Off                ;
; Remove Duplicate Registers                                       ; On                 ; On                 ;
; Ignore CARRY Buffers                                             ; Off                ; Off                ;
; Ignore CASCADE Buffers                                           ; Off                ; Off                ;
; Ignore GLOBAL Buffers                                            ; Off                ; Off                ;
; Ignore ROW GLOBAL Buffers                                        ; Off                ; Off                ;
; Ignore LCELL Buffers                                             ; Off                ; Off                ;
; Ignore SOFT Buffers                                              ; On                 ; On                 ;
; Limit AHDL Integers to 32 Bits                                   ; Off                ; Off                ;
; Optimization Technique                                           ; Balanced           ; Balanced           ;
; Carry Chain Length                                               ; 70                 ; 70                 ;
; Auto Carry Chains                                                ; On                 ; On                 ;
; Auto Open-Drain Pins                                             ; On                 ; On                 ;
; Perform WYSIWYG Primitive Resynthesis                            ; Off                ; Off                ;
; Auto ROM Replacement                                             ; On                 ; On                 ;
; Auto RAM Replacement                                             ; On                 ; On                 ;
; Auto DSP Block Replacement                                       ; On                 ; On                 ;
; Auto Shift Register Replacement                                  ; Auto               ; Auto               ;
; Allow Shift Register Merging across Hierarchies                  ; Auto               ; Auto               ;
; Auto Clock Enable Replacement                                    ; On                 ; On                 ;
; Strict RAM Replacement                                           ; Off                ; Off                ;
; Allow Synchronous Control Signals                                ; On                 ; On                 ;
; Force Use of Synchronous Clear Signals                           ; Off                ; Off                ;
; Auto RAM Block Balancing                                         ; On                 ; On                 ;
; Auto RAM to Logic Cell Conversion                                ; Off                ; Off                ;
; Auto Resource Sharing                                            ; Off                ; Off                ;
; Allow Any RAM Size For Recognition                               ; Off                ; Off                ;
; Allow Any ROM Size For Recognition                               ; Off                ; Off                ;
; Allow Any Shift Register Size For Recognition                    ; Off                ; Off                ;
; Use LogicLock Constraints during Resource Balancing              ; On                 ; On                 ;
; Ignore translate_off and synthesis_off directives                ; Off                ; Off                ;
; Timing-Driven Synthesis                                          ; On                 ; On                 ;
; Report Parameter Settings                                        ; On                 ; On                 ;
; Report Source Assignments                                        ; On                 ; On                 ;
; Report Connectivity Checks                                       ; On                 ; On                 ;
; Ignore Maximum Fan-Out Assignments                               ; Off                ; Off                ;
; Synchronization Register Chain Length                            ; 2                  ; 2                  ;
; Power Optimization During Synthesis                              ; Normal compilation ; Normal compilation ;
; HDL message level                                                ; Level2             ; Level2             ;
; Suppress Register Optimization Related Messages                  ; Off                ; Off                ;
; Number of Removed Registers Reported in Synthesis Report         ; 5000               ; 5000               ;
; Number of Swept Nodes Reported in Synthesis Report               ; 5000               ; 5000               ;
; Number of Inverted Registers Reported in Synthesis Report        ; 100                ; 100                ;
; Clock MUX Protection                                             ; On                 ; On                 ;
; Auto Gated Clock Conversion                                      ; Off                ; Off                ;
; Block Design Naming                                              ; Auto               ; Auto               ;
; SDC constraint protection                                        ; Off                ; Off                ;
; Synthesis Effort                                                 ; Auto               ; Auto               ;
; Shift Register Replacement - Allow Asynchronous Clear Signal     ; On                 ; On                 ;
; Pre-Mapping Resynthesis Optimization                             ; Off                ; Off                ;
; Analysis & Synthesis Message Level                               ; Medium             ; Medium             ;
; Disable Register Merging Across Hierarchies                      ; Auto               ; Auto               ;
; Resource Aware Inference For Block RAM                           ; On                 ; On                 ;
+------------------------------------------------------------------+--------------------+--------------------+


+------------------------------------------+
; Parallel Compilation                     ;
+----------------------------+-------------+
; Processors                 ; Number      ;
+----------------------------+-------------+
; Number detected on machine ; 8           ;
; Maximum allowed            ; 4           ;
;                            ;             ;
; Average used               ; 1.00        ;
; Maximum used               ; 1           ;
;                            ;             ;
; Usage by Processor         ; % Time Used ;
;     Processor 1            ; 100.0%      ;
+----------------------------+-------------+


+-----------------------------------------------------------------------------------------------------------------------------------------------------------------------------------------------------------------------+
; Analysis & Synthesis Source Files Read                                                                                                                                                                                ;
+----------------------------------+-----------------+-------------------------------------------------------+------------------------------------------------------------------------------------------------+---------+
; File Name with User-Entered Path ; Used in Netlist ; File Type                                             ; File Name with Absolute Path                                                                   ; Library ;
+----------------------------------+-----------------+-------------------------------------------------------+------------------------------------------------------------------------------------------------+---------+
; ROM.vhd                          ; yes             ; User VHDL File                                        ; E:/Projetos/UFSC/Aulas/Linguagem_E_Descricao_De_Hardware/BIP/ROM/ROM.vhd                       ;         ;
; altsyncram.tdf                   ; yes             ; Megafunction                                          ; e:/programfiles/intelfpga_lite/21.1/quartus/libraries/megafunctions/altsyncram.tdf             ;         ;
; stratix_ram_block.inc            ; yes             ; Megafunction                                          ; e:/programfiles/intelfpga_lite/21.1/quartus/libraries/megafunctions/stratix_ram_block.inc      ;         ;
; lpm_mux.inc                      ; yes             ; Megafunction                                          ; e:/programfiles/intelfpga_lite/21.1/quartus/libraries/megafunctions/lpm_mux.inc                ;         ;
; lpm_decode.inc                   ; yes             ; Megafunction                                          ; e:/programfiles/intelfpga_lite/21.1/quartus/libraries/megafunctions/lpm_decode.inc             ;         ;
; aglobal211.inc                   ; yes             ; Megafunction                                          ; e:/programfiles/intelfpga_lite/21.1/quartus/libraries/megafunctions/aglobal211.inc             ;         ;
; a_rdenreg.inc                    ; yes             ; Megafunction                                          ; e:/programfiles/intelfpga_lite/21.1/quartus/libraries/megafunctions/a_rdenreg.inc              ;         ;
; altrom.inc                       ; yes             ; Megafunction                                          ; e:/programfiles/intelfpga_lite/21.1/quartus/libraries/megafunctions/altrom.inc                 ;         ;
; altram.inc                       ; yes             ; Megafunction                                          ; e:/programfiles/intelfpga_lite/21.1/quartus/libraries/megafunctions/altram.inc                 ;         ;
; altdpram.inc                     ; yes             ; Megafunction                                          ; e:/programfiles/intelfpga_lite/21.1/quartus/libraries/megafunctions/altdpram.inc               ;         ;
; db/altsyncram_n361.tdf           ; yes             ; Auto-Generated Megafunction                           ; E:/Projetos/UFSC/Aulas/Linguagem_E_Descricao_De_Hardware/BIP/ROM/db/altsyncram_n361.tdf        ;         ;
; db/ROM.ram0_ROM_16bd8.hdl.mif    ; yes             ; Auto-Generated Auto-Found Memory Initialization File  ; E:/Projetos/UFSC/Aulas/Linguagem_E_Descricao_De_Hardware/BIP/ROM/db/ROM.ram0_ROM_16bd8.hdl.mif ;         ;
+----------------------------------+-----------------+-------------------------------------------------------+------------------------------------------------------------------------------------------------+---------+


+-----------------------------------------------------------+
; Analysis & Synthesis Resource Usage Summary               ;
+---------------------------------------------+-------------+
; Resource                                    ; Usage       ;
+---------------------------------------------+-------------+
;                                             ;             ;
; Total combinational functions               ; 0           ;
; Logic element usage by number of LUT inputs ;             ;
;     -- 4 input functions                    ; 0           ;
;     -- 3 input functions                    ; 0           ;
;     -- <=2 input functions                  ; 0           ;
;                                             ;             ;
; Logic elements by mode                      ;             ;
;     -- normal mode                          ; 0           ;
;     -- arithmetic mode                      ; 0           ;
;                                             ;             ;
; Total registers                             ; 0           ;
;     -- Dedicated logic registers            ; 0           ;
;     -- I/O registers                        ; 0           ;
;                                             ;             ;
; I/O pins                                    ; 30          ;
; Total memory bits                           ; 2304        ;
;                                             ;             ;
; Embedded Multiplier 9-bit elements          ; 0           ;
;                                             ;             ;
; Maximum fan-out node                        ; i_clk~input ;
; Maximum fan-out                             ; 16          ;
; Total fan-out                               ; 206         ;
; Average fan-out                             ; 2.71        ;
+---------------------------------------------+-------------+


+---------------------------------------------------------------------------------------------------------------------------------------------------------------------------------------------------------------------------------------------------------------------------------------------------+
; Analysis & Synthesis Resource Utilization by Entity                                                                                                                                                                                                                                               ;
+----------------------------------------+---------------------+---------------------------+-------------+------------+--------------+---------+-----------+------+--------------+------------+--------------------------------------------------------------------+-----------------+--------------+
; Compilation Hierarchy Node             ; Combinational ALUTs ; Dedicated Logic Registers ; Memory Bits ; UFM Blocks ; DSP Elements ; DSP 9x9 ; DSP 18x18 ; Pins ; Virtual Pins ; ADC blocks ; Full Hierarchy Name                                                ; Entity Name     ; Library Name ;
+----------------------------------------+---------------------+---------------------------+-------------+------------+--------------+---------+-----------+------+--------------+------------+--------------------------------------------------------------------+-----------------+--------------+
; |ROM                                   ; 0 (0)               ; 0 (0)                     ; 2304        ; 0          ; 0            ; 0       ; 0         ; 30   ; 0            ; 0          ; |ROM                                                               ; ROM             ; work         ;
;    |altsyncram:w_memoria_rom_rtl_0|    ; 0 (0)               ; 0 (0)                     ; 2304        ; 0          ; 0            ; 0       ; 0         ; 0    ; 0            ; 0          ; |ROM|altsyncram:w_memoria_rom_rtl_0                                ; altsyncram      ; work         ;
;       |altsyncram_n361:auto_generated| ; 0 (0)               ; 0 (0)                     ; 2304        ; 0          ; 0            ; 0       ; 0         ; 0    ; 0            ; 0          ; |ROM|altsyncram:w_memoria_rom_rtl_0|altsyncram_n361:auto_generated ; altsyncram_n361 ; work         ;
+----------------------------------------+---------------------+---------------------------+-------------+------------+--------------+---------+-----------+------+--------------+------------+--------------------------------------------------------------------+-----------------+--------------+
Note: For table entries with two numbers listed, the numbers in parentheses indicate the number of resources of the given type used by the specific entity alone. The numbers listed outside of parentheses indicate the total resources of the given type used by the specific entity and all of its sub-entities in the hierarchy.


+-------------------------------------------------------------------------------------------------------------------------------------------------------------------------------------------+
; Analysis & Synthesis RAM Summary                                                                                                                                                          ;
+--------------------------------------------------------------------------+------+------+--------------+--------------+--------------+--------------+------+-------------------------------+
; Name                                                                     ; Type ; Mode ; Port A Depth ; Port A Width ; Port B Depth ; Port B Width ; Size ; MIF                           ;
+--------------------------------------------------------------------------+------+------+--------------+--------------+--------------+--------------+------+-------------------------------+
; altsyncram:w_memoria_rom_rtl_0|altsyncram_n361:auto_generated|ALTSYNCRAM ; AUTO ; ROM  ; 144          ; 16           ; --           ; --           ; 2304 ; db/ROM.ram0_ROM_16bd8.hdl.mif ;
+--------------------------------------------------------------------------+------+------+--------------+--------------+--------------+--------------+------+-------------------------------+


+------------------------------------------------------+
; General Register Statistics                          ;
+----------------------------------------------+-------+
; Statistic                                    ; Value ;
+----------------------------------------------+-------+
; Total registers                              ; 0     ;
; Number of registers using Synchronous Clear  ; 0     ;
; Number of registers using Synchronous Load   ; 0     ;
; Number of registers using Asynchronous Clear ; 0     ;
; Number of registers using Asynchronous Load  ; 0     ;
; Number of registers using Clock Enable       ; 0     ;
; Number of registers using Preset             ; 0     ;
+----------------------------------------------+-------+


+----------------------------------------------+
; Registers Packed Into Inferred Megafunctions ;
+-----------------+---------------------+------+
; Register Name   ; Megafunction        ; Type ;
+-----------------+---------------------+------+
; o_data[0]~reg0  ; w_memoria_rom_rtl_0 ; RAM  ;
; o_data[1]~reg0  ; w_memoria_rom_rtl_0 ; RAM  ;
; o_data[2]~reg0  ; w_memoria_rom_rtl_0 ; RAM  ;
; o_data[3]~reg0  ; w_memoria_rom_rtl_0 ; RAM  ;
; o_data[4]~reg0  ; w_memoria_rom_rtl_0 ; RAM  ;
; o_data[5]~reg0  ; w_memoria_rom_rtl_0 ; RAM  ;
; o_data[6]~reg0  ; w_memoria_rom_rtl_0 ; RAM  ;
; o_data[7]~reg0  ; w_memoria_rom_rtl_0 ; RAM  ;
; o_data[8]~reg0  ; w_memoria_rom_rtl_0 ; RAM  ;
; o_data[9]~reg0  ; w_memoria_rom_rtl_0 ; RAM  ;
; o_data[10]~reg0 ; w_memoria_rom_rtl_0 ; RAM  ;
; o_data[11]~reg0 ; w_memoria_rom_rtl_0 ; RAM  ;
; o_data[12]~reg0 ; w_memoria_rom_rtl_0 ; RAM  ;
; o_data[13]~reg0 ; w_memoria_rom_rtl_0 ; RAM  ;
; o_data[14]~reg0 ; w_memoria_rom_rtl_0 ; RAM  ;
; o_data[15]~reg0 ; w_memoria_rom_rtl_0 ; RAM  ;
+-----------------+---------------------+------+


+--------------------------------------------------------------------------------------+
; Source assignments for altsyncram:w_memoria_rom_rtl_0|altsyncram_n361:auto_generated ;
+---------------------------------+--------------------+------+------------------------+
; Assignment                      ; Value              ; From ; To                     ;
+---------------------------------+--------------------+------+------------------------+
; OPTIMIZE_POWER_DURING_SYNTHESIS ; NORMAL_COMPILATION ; -    ; -                      ;
+---------------------------------+--------------------+------+------------------------+


+---------------------------------------------------------------------+
; Parameter Settings for User Entity Instance: Top-level Entity: |ROM ;
+----------------+-----------+----------------------------------------+
; Parameter Name ; Value     ; Type                                   ;
+----------------+-----------+----------------------------------------+
; p_tipo_memoria ; BL_LOGICO ; String                                 ;
; p_data_width   ; 16        ; Signed Integer                         ;
; p_add_width    ; 12        ; Signed Integer                         ;
+----------------+-----------+----------------------------------------+
Note: In order to hide this table in the UI and the text report file, please set the "Show Parameter Settings in Synthesis Report" option in "Analysis and Synthesis Settings -> More Settings" to "Off".


+-------------------------------------------------------------------------------------+
; Parameter Settings for Inferred Entity Instance: altsyncram:w_memoria_rom_rtl_0     ;
+------------------------------------+-------------------------------+----------------+
; Parameter Name                     ; Value                         ; Type           ;
+------------------------------------+-------------------------------+----------------+
; BYTE_SIZE_BLOCK                    ; 8                             ; Untyped        ;
; AUTO_CARRY_CHAINS                  ; ON                            ; AUTO_CARRY     ;
; IGNORE_CARRY_BUFFERS               ; OFF                           ; IGNORE_CARRY   ;
; AUTO_CASCADE_CHAINS                ; ON                            ; AUTO_CASCADE   ;
; IGNORE_CASCADE_BUFFERS             ; OFF                           ; IGNORE_CASCADE ;
; WIDTH_BYTEENA                      ; 1                             ; Untyped        ;
; OPERATION_MODE                     ; ROM                           ; Untyped        ;
; WIDTH_A                            ; 16                            ; Untyped        ;
; WIDTHAD_A                          ; 8                             ; Untyped        ;
; NUMWORDS_A                         ; 144                           ; Untyped        ;
; OUTDATA_REG_A                      ; UNREGISTERED                  ; Untyped        ;
; ADDRESS_ACLR_A                     ; NONE                          ; Untyped        ;
; OUTDATA_ACLR_A                     ; NONE                          ; Untyped        ;
; WRCONTROL_ACLR_A                   ; NONE                          ; Untyped        ;
; INDATA_ACLR_A                      ; NONE                          ; Untyped        ;
; BYTEENA_ACLR_A                     ; NONE                          ; Untyped        ;
; WIDTH_B                            ; 1                             ; Untyped        ;
; WIDTHAD_B                          ; 1                             ; Untyped        ;
; NUMWORDS_B                         ; 1                             ; Untyped        ;
; INDATA_REG_B                       ; CLOCK1                        ; Untyped        ;
; WRCONTROL_WRADDRESS_REG_B          ; CLOCK1                        ; Untyped        ;
; RDCONTROL_REG_B                    ; CLOCK1                        ; Untyped        ;
; ADDRESS_REG_B                      ; CLOCK1                        ; Untyped        ;
; OUTDATA_REG_B                      ; UNREGISTERED                  ; Untyped        ;
; BYTEENA_REG_B                      ; CLOCK1                        ; Untyped        ;
; INDATA_ACLR_B                      ; NONE                          ; Untyped        ;
; WRCONTROL_ACLR_B                   ; NONE                          ; Untyped        ;
; ADDRESS_ACLR_B                     ; NONE                          ; Untyped        ;
; OUTDATA_ACLR_B                     ; NONE                          ; Untyped        ;
; RDCONTROL_ACLR_B                   ; NONE                          ; Untyped        ;
; BYTEENA_ACLR_B                     ; NONE                          ; Untyped        ;
; WIDTH_BYTEENA_A                    ; 1                             ; Untyped        ;
; WIDTH_BYTEENA_B                    ; 1                             ; Untyped        ;
; RAM_BLOCK_TYPE                     ; AUTO                          ; Untyped        ;
; BYTE_SIZE                          ; 8                             ; Untyped        ;
; READ_DURING_WRITE_MODE_MIXED_PORTS ; DONT_CARE                     ; Untyped        ;
; READ_DURING_WRITE_MODE_PORT_A      ; NEW_DATA_NO_NBE_READ          ; Untyped        ;
; READ_DURING_WRITE_MODE_PORT_B      ; NEW_DATA_NO_NBE_READ          ; Untyped        ;
; INIT_FILE                          ; db/ROM.ram0_ROM_16bd8.hdl.mif ; Untyped        ;
; INIT_FILE_LAYOUT                   ; PORT_A                        ; Untyped        ;
; MAXIMUM_DEPTH                      ; 0                             ; Untyped        ;
; CLOCK_ENABLE_INPUT_A               ; NORMAL                        ; Untyped        ;
; CLOCK_ENABLE_INPUT_B               ; NORMAL                        ; Untyped        ;
; CLOCK_ENABLE_OUTPUT_A              ; NORMAL                        ; Untyped        ;
; CLOCK_ENABLE_OUTPUT_B              ; NORMAL                        ; Untyped        ;
; CLOCK_ENABLE_CORE_A                ; USE_INPUT_CLKEN               ; Untyped        ;
; CLOCK_ENABLE_CORE_B                ; USE_INPUT_CLKEN               ; Untyped        ;
; ENABLE_ECC                         ; FALSE                         ; Untyped        ;
; ECC_PIPELINE_STAGE_ENABLED         ; FALSE                         ; Untyped        ;
; WIDTH_ECCSTATUS                    ; 3                             ; Untyped        ;
; DEVICE_FAMILY                      ; MAX 10                        ; Untyped        ;
; CBXI_PARAMETER                     ; altsyncram_n361               ; Untyped        ;
+------------------------------------+-------------------------------+----------------+
Note: In order to hide this table in the UI and the text report file, please set the "Show Parameter Settings in Synthesis Report" option in "Analysis and Synthesis Settings -> More Settings" to "Off".


+----------------------------------------------------------------------------+
; altsyncram Parameter Settings by Entity Instance                           ;
+-------------------------------------------+--------------------------------+
; Name                                      ; Value                          ;
+-------------------------------------------+--------------------------------+
; Number of entity instances                ; 1                              ;
; Entity Instance                           ; altsyncram:w_memoria_rom_rtl_0 ;
;     -- OPERATION_MODE                     ; ROM                            ;
;     -- WIDTH_A                            ; 16                             ;
;     -- NUMWORDS_A                         ; 144                            ;
;     -- OUTDATA_REG_A                      ; UNREGISTERED                   ;
;     -- WIDTH_B                            ; 1                              ;
;     -- NUMWORDS_B                         ; 1                              ;
;     -- ADDRESS_REG_B                      ; CLOCK1                         ;
;     -- OUTDATA_REG_B                      ; UNREGISTERED                   ;
;     -- RAM_BLOCK_TYPE                     ; AUTO                           ;
;     -- READ_DURING_WRITE_MODE_MIXED_PORTS ; DONT_CARE                      ;
+-------------------------------------------+--------------------------------+


+-----------------------------------------------------+
; Post-Synthesis Netlist Statistics for Top Partition ;
+----------------------+------------------------------+
; Type                 ; Count                        ;
+----------------------+------------------------------+
; boundary_port        ; 30                           ;
; cycloneiii_ram_block ; 16                           ;
;                      ;                              ;
; Max LUT depth        ; 0.00                         ;
; Average LUT depth    ; 0.00                         ;
+----------------------+------------------------------+


+-------------------------------+
; Elapsed Time Per Partition    ;
+----------------+--------------+
; Partition Name ; Elapsed Time ;
+----------------+--------------+
; Top            ; 00:00:00     ;
+----------------+--------------+


+-------------------------------+
; Analysis & Synthesis Messages ;
+-------------------------------+
Info: *******************************************************************
Info: Running Quartus Prime Analysis & Synthesis
    Info: Version 21.1.0 Build 842 10/21/2021 SJ Lite Edition
    Info: Processing started: Tue Jul 26 16:56:22 2022
Info: Command: quartus_map --read_settings_files=on --write_settings_files=off ROM -c ROM
Warning (125092): Tcl Script File MEMORIA_ROM.qip not found
    Info (125063): set_global_assignment -name QIP_FILE MEMORIA_ROM.qip
Warning (18236): Number of processors has not been specified which may cause overloading on shared machines.  Set the global assignment NUM_PARALLEL_PROCESSORS in your QSF to an appropriate value for best performance.
Info (20030): Parallel compilation is enabled and will use 4 of the 4 processors detected
Info (12021): Found 2 design units, including 1 entities, in source file rom.vhd
    Info (12022): Found design unit 1: ROM-Behavioral File: E:/Projetos/UFSC/Aulas/Linguagem_E_Descricao_De_Hardware/BIP/ROM/ROM.vhd Line: 26
    Info (12023): Found entity 1: ROM File: E:/Projetos/UFSC/Aulas/Linguagem_E_Descricao_De_Hardware/BIP/ROM/ROM.vhd Line: 6
Info (12021): Found 2 design units, including 1 entities, in source file tb_rom.vhd
    Info (12022): Found design unit 1: TB_ROM-behavioral File: E:/Projetos/UFSC/Aulas/Linguagem_E_Descricao_De_Hardware/BIP/ROM/TB_ROM.vhd Line: 14
    Info (12023): Found entity 1: TB_ROM File: E:/Projetos/UFSC/Aulas/Linguagem_E_Descricao_De_Hardware/BIP/ROM/TB_ROM.vhd Line: 6
Info (12021): Found 2 design units, including 1 entities, in source file rom_intel.vhd
    Info (12022): Found design unit 1: rom_intel-SYN File: E:/Projetos/UFSC/Aulas/Linguagem_E_Descricao_De_Hardware/BIP/ROM/ROM_INTEL.vhd Line: 55
    Info (12023): Found entity 1: ROM_INTEL File: E:/Projetos/UFSC/Aulas/Linguagem_E_Descricao_De_Hardware/BIP/ROM/ROM_INTEL.vhd Line: 43
Info (12021): Found 2 design units, including 1 entities, in source file rom_intel_sreg.vhd
    Info (12022): Found design unit 1: rom_intel_sreg-SYN File: E:/Projetos/UFSC/Aulas/Linguagem_E_Descricao_De_Hardware/BIP/ROM/ROM_INTEL_SREG.vhd Line: 54
    Info (12023): Found entity 1: ROM_INTEL_SREG File: E:/Projetos/UFSC/Aulas/Linguagem_E_Descricao_De_Hardware/BIP/ROM/ROM_INTEL_SREG.vhd Line: 43
Info (12127): Elaborating entity "ROM" for the top level hierarchy
Info (19000): Inferred 1 megafunctions from design logic
    Info (276029): Inferred altsyncram megafunction from the following design logic: "w_memoria_rom_rtl_0" 
        Info (286033): Parameter OPERATION_MODE set to ROM
        Info (286033): Parameter WIDTH_A set to 16
        Info (286033): Parameter WIDTHAD_A set to 8
        Info (286033): Parameter NUMWORDS_A set to 144
        Info (286033): Parameter OUTDATA_REG_A set to UNREGISTERED
        Info (286033): Parameter ADDRESS_ACLR_A set to NONE
        Info (286033): Parameter OUTDATA_ACLR_A set to NONE
        Info (286033): Parameter INDATA_ACLR_A set to NONE
        Info (286033): Parameter WRCONTROL_ACLR_A set to NONE
        Info (286033): Parameter INIT_FILE set to db/ROM.ram0_ROM_16bd8.hdl.mif
Info (12130): Elaborated megafunction instantiation "altsyncram:w_memoria_rom_rtl_0"
Info (12133): Instantiated megafunction "altsyncram:w_memoria_rom_rtl_0" with the following parameter:
    Info (12134): Parameter "OPERATION_MODE" = "ROM"
    Info (12134): Parameter "WIDTH_A" = "16"
    Info (12134): Parameter "WIDTHAD_A" = "8"
    Info (12134): Parameter "NUMWORDS_A" = "144"
    Info (12134): Parameter "OUTDATA_REG_A" = "UNREGISTERED"
    Info (12134): Parameter "ADDRESS_ACLR_A" = "NONE"
    Info (12134): Parameter "OUTDATA_ACLR_A" = "NONE"
    Info (12134): Parameter "INDATA_ACLR_A" = "NONE"
    Info (12134): Parameter "WRCONTROL_ACLR_A" = "NONE"
    Info (12134): Parameter "INIT_FILE" = "db/ROM.ram0_ROM_16bd8.hdl.mif"
Info (12021): Found 1 design units, including 1 entities, in source file db/altsyncram_n361.tdf
    Info (12023): Found entity 1: altsyncram_n361 File: E:/Projetos/UFSC/Aulas/Linguagem_E_Descricao_De_Hardware/BIP/ROM/db/altsyncram_n361.tdf Line: 28
Warning (113028): 112 out of 256 addresses are uninitialized. The Quartus Prime software will initialize them to "0". There are 1 warnings found, and 1 warnings are reported. File: E:/Projetos/UFSC/Aulas/Linguagem_E_Descricao_De_Hardware/BIP/ROM/db/ROM.ram0_ROM_16bd8.hdl.mif Line: 1
    Warning (113027): Addresses ranging from 144 to 255 are not initialized File: E:/Projetos/UFSC/Aulas/Linguagem_E_Descricao_De_Hardware/BIP/ROM/db/ROM.ram0_ROM_16bd8.hdl.mif Line: 1
Critical Warning (127004): Memory depth (144) in the design file differs from memory depth (256) in the Memory Initialization File "E:/Projetos/UFSC/Aulas/Linguagem_E_Descricao_De_Hardware/BIP/ROM/db/ROM.ram0_ROM_16bd8.hdl.mif" -- truncated remaining initial content value to fit RAM File: e:/programfiles/intelfpga_lite/21.1/quartus/libraries/megafunctions/altsyncram.tdf Line: 792
Info (16010): Generating hard_block partition "hard_block:auto_generated_inst"
    Info (16011): Adding 0 node(s), including 0 DDIO, 0 PLL, 0 transceiver and 0 LCELL
Warning (21074): Design contains 4 input pin(s) that do not drive logic
    Warning (15610): No output dependent on input pin "i_add[8]" File: E:/Projetos/UFSC/Aulas/Linguagem_E_Descricao_De_Hardware/BIP/ROM/ROM.vhd Line: 19
    Warning (15610): No output dependent on input pin "i_add[9]" File: E:/Projetos/UFSC/Aulas/Linguagem_E_Descricao_De_Hardware/BIP/ROM/ROM.vhd Line: 19
    Warning (15610): No output dependent on input pin "i_add[10]" File: E:/Projetos/UFSC/Aulas/Linguagem_E_Descricao_De_Hardware/BIP/ROM/ROM.vhd Line: 19
    Warning (15610): No output dependent on input pin "i_add[11]" File: E:/Projetos/UFSC/Aulas/Linguagem_E_Descricao_De_Hardware/BIP/ROM/ROM.vhd Line: 19
Info (21057): Implemented 46 device resources after synthesis - the final resource count might be different
    Info (21058): Implemented 14 input pins
    Info (21059): Implemented 16 output pins
    Info (21064): Implemented 16 RAM segments
Info: Quartus Prime Analysis & Synthesis was successful. 0 errors, 10 warnings
    Info: Peak virtual memory: 4805 megabytes
    Info: Processing ended: Tue Jul 26 16:56:40 2022
    Info: Elapsed time: 00:00:18
    Info: Total CPU time (on all processors): 00:00:44


